[+] Containers:
 |- [+] Container: /Game/ThirdPerson/Maps/ThirdPersonMap
 |   |- [+] ActorDescs:
 |   |   |- Guid:076A36F34485913979427CAA14774558 BaseClass:/Game/ThirdPerson/Blueprints/BP_Rock.BP_Rock_C NativeClass:/Script/Engine.Actor Name:BP_Rock_C_UAID_D85ED3E0D458BBDC01_1934183404 Label:BP_Rock16 SpatiallyLoaded:1 Bounds:IsValid=true, Min=(X=1800.000 Y=1280.000 Z=10.000), Max=(X=1900.000 Y=1380.000 Z=110.000) RuntimeGrid:None EditorOnly:0 RuntimeOnly:0 HLODRelevant:0 ListedInSceneOutliner:1 IsMainWorldOnly:0
 |   |   |- Guid:07F0BB01400B60A3E6DA229E9F23382A BaseClass:/Game/ThirdPerson/Blueprints/BP_Rock.BP_Rock_C NativeClass:/Script/Engine.Actor Name:BP_Rock_C_UAID_D85ED3E0D458BBDC01_1934179401 Label:BP_Rock13 SpatiallyLoaded:1 Bounds:IsValid=true, Min=(X=2100.000 Y=1280.000 Z=10.000), Max=(X=2200.000 Y=1380.000 Z=110.000) RuntimeGrid:None EditorOnly:0 RuntimeOnly:0 HLODRelevant:0 ListedInSceneOutliner:1 IsMainWorldOnly:0
 |   |   |- Guid:2CF51FDC4222934BD39E5185BAE43993 BaseClass:/Game/ThirdPerson/Blueprints/BP_Rock.BP_Rock_C NativeClass:/Script/Engine.Actor Name:BP_Rock_C_UAID_D85ED3E0D458BBDC01_1934180402 Label:BP_Rock14 SpatiallyLoaded:1 Bounds:IsValid=true, Min=(X=2300.000 Y=1280.000 Z=10.000), Max=(X=2400.000 Y=1380.000 Z=110.000) RuntimeGrid:None EditorOnly:0 RuntimeOnly:0 HLODRelevant:0 ListedInSceneOutliner:1 IsMainWorldOnly:0
 |   |   |- Guid:2FB58999456391D349DC0F86DAC136ED BaseClass: NativeClass:/Script/Engine.SkyLight Name:SkyLight_1 Label:SkyLight SpatiallyLoaded:0 Bounds:IsValid=true, Min=(X=0.000 Y=0.000 Z=690.000), Max=(X=0.000 Y=0.000 Z=690.000) RuntimeGrid:None EditorOnly:0 RuntimeOnly:0 HLODRelevant:0 ListedInSceneOutliner:1 IsMainWorldOnly:0 FolderPath:Lighting FolderGuid:963EC3EB4002CCE9759E2EBA541A873A
 |   |   |- Guid:316CF2A6494ACA4C0E4180A87D36AB8F BaseClass: NativeClass:/Script/Engine.ExponentialHeightFog Name:ExponentialHeightFog_0 Label:ExponentialHeightFog SpatiallyLoaded:0 Bounds:IsValid=true, Min=(X=-5600.000 Y=-50.000 Z=-6850.000), Max=(X=-5600.000 Y=-50.000 Z=-6850.000) RuntimeGrid:None EditorOnly:0 RuntimeOnly:0 HLODRelevant:0 ListedInSceneOutliner:1 IsMainWorldOnly:0 FolderPath:Lighting FolderGuid:963EC3EB4002CCE9759E2EBA541A873A
 |   |   |- Guid:35D4BC6546B66E5FF99199B9DAF892AD BaseClass:/Game/ThirdPerson/Blueprints/BP_RockText.BP_RockText_C NativeClass:/Script/Engine.Actor Name:BP_RockText_C_UAID_D85ED3E0D4586DDC01_1678873669 Label:BP_RockText SpatiallyLoaded:1 Bounds:IsValid=true, Min=(X=350.000 Y=499.244 Z=10.000), Max=(X=550.000 Y=1045.000 Z=120.000) RuntimeGrid:None EditorOnly:0 RuntimeOnly:0 HLODRelevant:0 ListedInSceneOutliner:1 IsMainWorldOnly:0
 |   |   |- Guid:3A599C9346DE6F4B5BD15BAF8F8115F5 BaseClass:/Game/ThirdPerson/Blueprints/BP_Rock.BP_Rock_C NativeClass:/Script/Engine.Actor Name:BP_Rock_C_UAID_D85ED3E0D458BBDC01_1960642415 Label:BP_Rock27 SpatiallyLoaded:1 Bounds:IsValid=true, Min=(X=210.000 Y=1280.000 Z=10.000), Max=(X=310.000 Y=1380.000 Z=110.000) RuntimeGrid:None EditorOnly:0 RuntimeOnly:0 HLODRelevant:0 ListedInSceneOutliner:1 IsMainWorldOnly:0
 |   |   |- Guid:3BD7292648CA4ACCA74933A40B5F4CF6 BaseClass:/Game/ThirdPerson/Blueprints/BP_Rock.BP_Rock_C NativeClass:/Script/Engine.Actor Name:BP_Rock_C_UAID_D85ED3E0D458BBDC01_1934184406 Label:BP_Rock18 SpatiallyLoaded:1 Bounds:IsValid=true, Min=(X=1900.000 Y=1280.000 Z=10.000), Max=(X=2000.000 Y=1380.000 Z=110.000) RuntimeGrid:None EditorOnly:0 RuntimeOnly:0 HLODRelevant:0 ListedInSceneOutliner:1 IsMainWorldOnly:0
 |   |   |- Guid:4069432A4B7AF70BFFFA62B7194C1E30 BaseClass:/Game/ThirdPerson/Blueprints/BP_Rock.BP_Rock_C NativeClass:/Script/Engine.Actor Name:BP_Rock_C_UAID_D85ED3E0D458BBDC01_1934185407 Label:BP_Rock19 SpatiallyLoaded:1 Bounds:IsValid=true, Min=(X=1500.000 Y=1280.000 Z=10.000), Max=(X=1600.000 Y=1380.000 Z=110.000) RuntimeGrid:None EditorOnly:0 RuntimeOnly:0 HLODRelevant:0 ListedInSceneOutliner:1 IsMainWorldOnly:0
 |   |   |- Guid:43815E84492231AFC407F59E3C28176B BaseClass: NativeClass:/Script/Engine.StaticMeshActor Name:StaticMeshActor_4 Label:SM_Cube6 SpatiallyLoaded:1 Bounds:IsValid=true, Min=(X=2900.000 Y=100.000 Z=0.000), Max=(X=3000.000 Y=3400.000 Z=400.000) RuntimeGrid:None EditorOnly:0 RuntimeOnly:0 HLODRelevant:1 ListedInSceneOutliner:1 IsMainWorldOnly:0 FolderPath:Playground FolderGuid:C73F09FC4215536B1DCE2A9E0A830C70
 |   |   |- Guid:4945CA2347D3F30E31990D82AD8E3C96 BaseClass:/Game/ThirdPerson/Blueprints/BP_Rock.BP_Rock_C NativeClass:/Script/Engine.Actor Name:BP_Rock_C_UAID_D85ED3E0D458BBDC01_1911692397 Label:BP_Rock9 SpatiallyLoaded:1 Bounds:IsValid=true, Min=(X=410.000 Y=1280.000 Z=10.000), Max=(X=510.000 Y=1380.000 Z=110.000) RuntimeGrid:None EditorOnly:0 RuntimeOnly:0 HLODRelevant:0 ListedInSceneOutliner:1 IsMainWorldOnly:0
 |   |   |- Guid:4C44DA7F4EAFFCCBECAD7A963D35D18A BaseClass:/Game/ThirdPerson/Blueprints/BP_Rock.BP_Rock_C NativeClass:/Script/Engine.Actor Name:BP_Rock_C_UAID_D85ED3E0D458BBDC01_1914348400 Label:BP_Rock12 SpatiallyLoaded:1 Bounds:IsValid=true, Min=(X=1300.000 Y=1280.000 Z=10.000), Max=(X=1400.000 Y=1380.000 Z=110.000) RuntimeGrid:None EditorOnly:0 RuntimeOnly:0 HLODRelevant:0 ListedInSceneOutliner:1 IsMainWorldOnly:0
 |   |   |- Guid:4D3BE93F4146AAAC8BBE79999D96D57F BaseClass: NativeClass:/Script/Engine.VolumetricCloud Name:VolumetricCloud_0 Label:VolumetricCloud SpatiallyLoaded:0 Bounds:IsValid=true, Min=(X=0.000 Y=0.000 Z=820.000), Max=(X=0.000 Y=0.000 Z=820.000) RuntimeGrid:None EditorOnly:0 RuntimeOnly:0 HLODRelevant:0 ListedInSceneOutliner:1 IsMainWorldOnly:0 FolderPath:Lighting FolderGuid:963EC3EB4002CCE9759E2EBA541A873A
 |   |   |- Guid:50C9EE454ADF3DB4FA7379A364111C4A BaseClass:/Game/ThirdPerson/Blueprints/BP_Rock.BP_Rock_C NativeClass:/Script/Engine.Actor Name:BP_Rock_C_UAID_D85ED3E0D458BBDC01_1908834394 Label:BP_Rock6 SpatiallyLoaded:1 Bounds:IsValid=true, Min=(X=710.000 Y=1280.000 Z=10.000), Max=(X=810.000 Y=1380.000 Z=110.000) RuntimeGrid:None EditorOnly:0 RuntimeOnly:0 HLODRelevant:0 ListedInSceneOutliner:1 IsMainWorldOnly:0
 |   |   |- Guid:5B97F4A64FB21F77EFC44386BF705B4C BaseClass: NativeClass:/Script/Engine.TextRenderActor Name:TextRenderActor_1 Label:TextRenderActor SpatiallyLoaded:1 Bounds:IsValid=true, Min=(X=-0.100 Y=1100.000 Z=65.013), Max=(X=-0.100 Y=2392.308 Z=215.013) RuntimeGrid:None EditorOnly:0 RuntimeOnly:0 HLODRelevant:0 ListedInSceneOutliner:1 IsMainWorldOnly:0
 |   |   |- Guid:618467B2443301FC681840BA5663B5DC BaseClass:/Game/ThirdPerson/Blueprints/BP_Rock.BP_Rock_C NativeClass:/Script/Engine.Actor Name:BP_Rock_C_UAID_D85ED3E0D4586DDC01_1893953673 Label:BP_Rock2 SpatiallyLoaded:1 Bounds:IsValid=true, Min=(X=1010.000 Y=1280.000 Z=10.000), Max=(X=1110.000 Y=1380.000 Z=110.000) RuntimeGrid:None EditorOnly:0 RuntimeOnly:0 HLODRelevant:0 ListedInSceneOutliner:1 IsMainWorldOnly:0
 |   |   |- Guid:670042C6467217A2BD9B33AE0BCCFFDA BaseClass:/Game/ThirdPerson/Blueprints/BP_Rock.BP_Rock_C NativeClass:/Script/Engine.Actor Name:BP_Rock_C_UAID_D85ED3E0D458BBDC01_1908833393 Label:BP_Rock5 SpatiallyLoaded:1 Bounds:IsValid=true, Min=(X=810.000 Y=1280.000 Z=10.000), Max=(X=910.000 Y=1380.000 Z=110.000) RuntimeGrid:None EditorOnly:0 RuntimeOnly:0 HLODRelevant:0 ListedInSceneOutliner:1 IsMainWorldOnly:0
 |   |   |- Guid:68E91636495919CBD46F45ACFA66729B BaseClass:/Game/ThirdPerson/Blueprints/BP_Rock.BP_Rock_C NativeClass:/Script/Engine.Actor Name:BP_Rock_C_UAID_D85ED3E0D458BBDC01_1950643413 Label:BP_Rock25 SpatiallyLoaded:1 Bounds:IsValid=true, Min=(X=2690.000 Y=1280.000 Z=10.000), Max=(X=2790.000 Y=1380.000 Z=110.000) RuntimeGrid:None EditorOnly:0 RuntimeOnly:0 HLODRelevant:0 ListedInSceneOutliner:1 IsMainWorldOnly:0
 |   |   |- Guid:6B86DAAE43F8910330D7FBB773BF2B60 BaseClass:/Game/ThirdPerson/Blueprints/BP_Rock.BP_Rock_C NativeClass:/Script/Engine.Actor Name:BP_Rock_C_UAID_D85ED3E0D458BBDC01_1934186409 Label:BP_Rock21 SpatiallyLoaded:1 Bounds:IsValid=true, Min=(X=1600.000 Y=1280.000 Z=10.000), Max=(X=1700.000 Y=1380.000 Z=110.000) RuntimeGrid:None EditorOnly:0 RuntimeOnly:0 HLODRelevant:0 ListedInSceneOutliner:1 IsMainWorldOnly:0
 |   |   |- Guid:6BAF4DDD444C60371492D3919DB42C97 BaseClass: NativeClass:/Script/Engine.WorldDataLayers Name:WorldDataLayers Label:WorldDataLayers SpatiallyLoaded:0 Bounds:IsValid=true, Min=(X=0.000 Y=0.000 Z=0.000), Max=(X=0.000 Y=0.000 Z=0.000) RuntimeGrid:None EditorOnly:0 RuntimeOnly:0 HLODRelevant:0 ListedInSceneOutliner:1 IsMainWorldOnly:1
 |   |   |- Guid:72D170D7438062304001CAADE628285D BaseClass:/Game/ThirdPerson/Blueprints/BP_Rock.BP_Rock_C NativeClass:/Script/Engine.Actor Name:BP_Rock_C_UAID_D85ED3E0D458BBDC01_1911692396 Label:BP_Rock8 SpatiallyLoaded:1 Bounds:IsValid=true, Min=(X=510.000 Y=1280.000 Z=10.000), Max=(X=610.000 Y=1380.000 Z=110.000) RuntimeGrid:None EditorOnly:0 RuntimeOnly:0 HLODRelevant:0 ListedInSceneOutliner:1 IsMainWorldOnly:0
 |   |   |- Guid:7C2A7DB54A11C821A4AB9FBA9172F028 BaseClass:/Game/ThirdPerson/Blueprints/BP_Rock.BP_Rock_C NativeClass:/Script/Engine.Actor Name:BP_Rock_C_UAID_D85ED3E0D4586DDC01_1897044674 Label:BP_Rock3 SpatiallyLoaded:1 Bounds:IsValid=true, Min=(X=910.000 Y=1280.000 Z=10.000), Max=(X=1010.000 Y=1380.000 Z=110.000) RuntimeGrid:None EditorOnly:0 RuntimeOnly:0 HLODRelevant:0 ListedInSceneOutliner:1 IsMainWorldOnly:0
 |   |   |- Guid:82B29C154260DE1ABED8BB8DF2F7C481 BaseClass:/Game/ThirdPerson/Blueprints/BP_Rock.BP_Rock_C NativeClass:/Script/Engine.Actor Name:BP_Rock_C_UAID_D85ED3E0D458BBDC01_1934188411 Label:BP_Rock23 SpatiallyLoaded:1 Bounds:IsValid=true, Min=(X=2590.000 Y=1280.000 Z=10.000), Max=(X=2690.000 Y=1380.000 Z=110.000) RuntimeGrid:None EditorOnly:0 RuntimeOnly:0 HLODRelevant:0 ListedInSceneOutliner:1 IsMainWorldOnly:0
 |   |   |- Guid:90B9FE504D6CBAA04C61BCBF45CDA057 BaseClass:/Game/ThirdPerson/Blueprints/BP_Flag.BP_Flag_C NativeClass:/Script/Engine.Actor Name:BP_Flag_C_UAID_D85ED3E0D458BBDC01_1859135391 Label:BP_Flag SpatiallyLoaded:1 Bounds:IsValid=true, Min=(X=2057.542 Y=2588.377 Z=111.418), Max=(X=2202.458 Y=2751.623 Z=288.582) RuntimeGrid:None EditorOnly:0 RuntimeOnly:0 HLODRelevant:0 ListedInSceneOutliner:1 IsMainWorldOnly:0
 |   |   |- Guid:9979D99F4C7B9149D0A1BB94DC8A3E84 BaseClass:/Game/ThirdPerson/Blueprints/BP_Rock.BP_Rock_C NativeClass:/Script/Engine.Actor Name:BP_Rock_C_UAID_D85ED3E0D458BBDC01_1911690395 Label:BP_Rock7 SpatiallyLoaded:1 Bounds:IsValid=true, Min=(X=310.000 Y=1280.000 Z=10.000), Max=(X=410.000 Y=1380.000 Z=110.000) RuntimeGrid:None EditorOnly:0 RuntimeOnly:0 HLODRelevant:0 ListedInSceneOutliner:1 IsMainWorldOnly:0
 |   |   |- Guid:9DC5AE8748F825168E8680A254B7B8AC BaseClass:/Game/ThirdPerson/Blueprints/BP_Rock.BP_Rock_C NativeClass:/Script/Engine.Actor Name:BP_Rock_C_UAID_D85ED3E0D458BBDC01_1908831392 Label:BP_Rock4 SpatiallyLoaded:1 Bounds:IsValid=true, Min=(X=610.000 Y=1280.000 Z=10.000), Max=(X=710.000 Y=1380.000 Z=110.000) RuntimeGrid:None EditorOnly:0 RuntimeOnly:0 HLODRelevant:0 ListedInSceneOutliner:1 IsMainWorldOnly:0
 |   |   |- Guid:A29426894E101ECC89AC8CAC54FEF906 BaseClass:/Game/ThirdPerson/Blueprints/BP_Rock.BP_Rock_C NativeClass:/Script/Engine.Actor Name:BP_Rock_C_UAID_D85ED3E0D458BBDC01_1914345398 Label:BP_Rock10 SpatiallyLoaded:1 Bounds:IsValid=true, Min=(X=1200.000 Y=1280.000 Z=10.000), Max=(X=1300.000 Y=1380.000 Z=110.000) RuntimeGrid:None EditorOnly:0 RuntimeOnly:0 HLODRelevant:0 ListedInSceneOutliner:1 IsMainWorldOnly:0
 |   |   |- Guid:A56216954B2165CF0F35A886B537D536 BaseClass: NativeClass:/Script/Engine.StaticMeshActor Name:StaticMeshActor_0 Label:SM_Cube5 SpatiallyLoaded:1 Bounds:IsValid=true, Min=(X=-0.000 Y=100.000 Z=0.000), Max=(X=100.000 Y=3400.000 Z=400.000) RuntimeGrid:None EditorOnly:0 RuntimeOnly:0 HLODRelevant:1 ListedInSceneOutliner:1 IsMainWorldOnly:0 FolderPath:Playground FolderGuid:C73F09FC4215536B1DCE2A9E0A830C70
 |   |   |- Guid:A6D42D7E477495AC380E0DA338D34DAA BaseClass:/Game/ThirdPerson/Blueprints/BP_Rock.BP_Rock_C NativeClass:/Script/Engine.Actor Name:BP_Rock_C_UAID_D85ED3E0D458BBDC01_1934184405 Label:BP_Rock17 SpatiallyLoaded:1 Bounds:IsValid=true, Min=(X=2000.000 Y=1280.000 Z=10.000), Max=(X=2100.000 Y=1380.000 Z=110.000) RuntimeGrid:None EditorOnly:0 RuntimeOnly:0 HLODRelevant:0 ListedInSceneOutliner:1 IsMainWorldOnly:0
 |   |   |- Guid:AB05F05D47412497AF5A85BF97575B28 BaseClass:/Game/ThirdPerson/Blueprints/BP_Rock.BP_Rock_C NativeClass:/Script/Engine.Actor Name:BP_Rock_C_UAID_D85ED3E0D458BBDC01_1934186408 Label:BP_Rock20 SpatiallyLoaded:1 Bounds:IsValid=true, Min=(X=1700.000 Y=1280.000 Z=10.000), Max=(X=1800.000 Y=1380.000 Z=110.000) RuntimeGrid:None EditorOnly:0 RuntimeOnly:0 HLODRelevant:0 ListedInSceneOutliner:1 IsMainWorldOnly:0
 |   |   |- Guid:B054EF0448EF44FE19C62A9AF5156242 BaseClass:/Game/ThirdPerson/Blueprints/BP_Rock.BP_Rock_C NativeClass:/Script/Engine.Actor Name:BP_Rock_C_UAID_D85ED3E0D458BBDC01_1914347399 Label:BP_Rock11 SpatiallyLoaded:1 Bounds:IsValid=true, Min=(X=1400.000 Y=1280.000 Z=10.000), Max=(X=1500.000 Y=1380.000 Z=110.000) RuntimeGrid:None EditorOnly:0 RuntimeOnly:0 HLODRelevant:0 ListedInSceneOutliner:1 IsMainWorldOnly:0
 |   |   |- Guid:B54F808B490BCC22364F048A2090D43E BaseClass:/Game/ThirdPerson/Blueprints/BP_PushText.BP_PushText_C NativeClass:/Script/Engine.Actor Name:BP_PushText_C_UAID_D85ED3E0D4586DDC01_1675931668 Label:BP_PushText SpatiallyLoaded:1 Bounds:IsValid=true, Min=(X=1745.000 Y=141.064 Z=30.000), Max=(X=1895.000 Y=357.500 Z=140.000) RuntimeGrid:None EditorOnly:0 RuntimeOnly:0 HLODRelevant:0 ListedInSceneOutliner:1 IsMainWorldOnly:0
 |   |   |- Guid:B785ED2844B84CFB91E7F39FE661CD99 BaseClass: NativeClass:/Script/Engine.DirectionalLight Name:DirectionalLight_0 Label:DirectionalLight SpatiallyLoaded:0 Bounds:IsValid=true, Min=(X=-1048576.000 Y=-1048576.000 Z=-1048576.000), Max=(X=1048576.000 Y=1048576.000 Z=1048576.000) RuntimeGrid:None EditorOnly:0 RuntimeOnly:0 HLODRelevant:0 ListedInSceneOutliner:1 IsMainWorldOnly:0 FolderPath:Lighting FolderGuid:963EC3EB4002CCE9759E2EBA541A873A
 |   |   |- Guid:BBC0011E4DF1BC8B278E89933D551DA9 BaseClass:/Game/ThirdPerson/Blueprints/BP_Rock.BP_Rock_C NativeClass:/Script/Engine.Actor Name:BP_Rock_C_UAID_D85ED3E0D458BBDC01_1963810416 Label:BP_Rock28 SpatiallyLoaded:1 Bounds:IsValid=true, Min=(X=110.000 Y=1280.000 Z=10.000), Max=(X=210.000 Y=1380.000 Z=110.000) RuntimeGrid:None EditorOnly:0 RuntimeOnly:0 HLODRelevant:0 ListedInSceneOutliner:1 IsMainWorldOnly:0
 |   |   |- Guid:BC08B79C4EA3C961CFF75EBBE83B367D BaseClass: NativeClass:/Script/Engine.StaticMeshActor Name:StaticMeshActor_5 Label:SM_Cube2 SpatiallyLoaded:1 Bounds:IsValid=true, Min=(X=0.000 Y=0.000 Z=0.000), Max=(X=3000.000 Y=100.000 Z=400.000) RuntimeGrid:None EditorOnly:0 RuntimeOnly:0 HLODRelevant:1 ListedInSceneOutliner:1 IsMainWorldOnly:0 FolderPath:Playground FolderGuid:C73F09FC4215536B1DCE2A9E0A830C70
 |   |   |- Guid:C10F63C849748A8C071CEDAEEF6F685F BaseClass:/Game/ThirdPerson/Blueprints/BP_Rock.BP_Rock_C NativeClass:/Script/Engine.Actor Name:BP_Rock_C_UAID_D85ED3E0D458BBDC01_1954543414 Label:BP_Rock26 SpatiallyLoaded:1 Bounds:IsValid=true, Min=(X=2790.000 Y=1280.000 Z=10.000), Max=(X=2890.000 Y=1380.000 Z=110.000) RuntimeGrid:None EditorOnly:0 RuntimeOnly:0 HLODRelevant:0 ListedInSceneOutliner:1 IsMainWorldOnly:0
 |   |   |- Guid:C319C22544A6801653233DAC0983BDCB BaseClass:/Game/ThirdPerson/Blueprints/BP_Win.BP_Win_C NativeClass:/Script/Engine.Actor Name:BP_Win_C_UAID_D85ED3E0D4586CDC01_2117100489 Label:BP_Win SpatiallyLoaded:1 Bounds:IsValid=true, Min=(X=515.000 Y=1922.500 Z=20.000), Max=(X=665.000 Y=2097.500 Z=130.000) RuntimeGrid:None EditorOnly:0 RuntimeOnly:0 HLODRelevant:0 ListedInSceneOutliner:1 IsMainWorldOnly:0
 |   |   |- Guid:CCFF262C46EEFFDF319E7F9539CE697E BaseClass: NativeClass:/Script/Engine.SkyAtmosphere Name:SkyAtmosphere_0 Label:SkyAtmosphere SpatiallyLoaded:0 Bounds:IsValid=true, Min=(X=0.000 Y=0.000 Z=1020.000), Max=(X=0.000 Y=0.000 Z=1020.000) RuntimeGrid:None EditorOnly:0 RuntimeOnly:0 HLODRelevant:0 ListedInSceneOutliner:1 IsMainWorldOnly:0 FolderPath:Lighting FolderGuid:963EC3EB4002CCE9759E2EBA541A873A
 |   |   |- Guid:CD26644A435B4F0AD6175BA9226B1C4E BaseClass:/Game/ThirdPerson/Blueprints/BP_Rock.BP_Rock_C NativeClass:/Script/Engine.Actor Name:BP_Rock_C_UAID_D85ED3E0D458BBDC01_1934189412 Label:BP_Rock24 SpatiallyLoaded:1 Bounds:IsValid=true, Min=(X=2490.000 Y=1280.000 Z=10.000), Max=(X=2590.000 Y=1380.000 Z=110.000) RuntimeGrid:None EditorOnly:0 RuntimeOnly:0 HLODRelevant:0 ListedInSceneOutliner:1 IsMainWorldOnly:0
 |   |   |- Guid:CDAA7C6C443AD15F8ACBD19A63FE7784 BaseClass:/Game/ThirdPerson/Blueprints/BP_Rock.BP_Rock_C NativeClass:/Script/Engine.Actor Name:BP_Rock_C_UAID_D85ED3E0D458BBDC01_1934182403 Label:BP_Rock15 SpatiallyLoaded:1 Bounds:IsValid=true, Min=(X=2200.000 Y=1280.000 Z=10.000), Max=(X=2300.000 Y=1380.000 Z=110.000) RuntimeGrid:None EditorOnly:0 RuntimeOnly:0 HLODRelevant:0 ListedInSceneOutliner:1 IsMainWorldOnly:0
 |   |   |- Guid:D54E9E4A4209C868B07FF7B34FAAB43B BaseClass:/Game/ThirdPerson/Blueprints/BP_Rock.BP_Rock_C NativeClass:/Script/Engine.Actor Name:BP_Rock_C_UAID_D85ED3E0D4586DDC01_1890642672 Label:BP_Rock SpatiallyLoaded:1 Bounds:IsValid=true, Min=(X=1110.000 Y=1280.000 Z=10.000), Max=(X=1210.000 Y=1380.000 Z=110.000) RuntimeGrid:None EditorOnly:0 RuntimeOnly:0 HLODRelevant:0 ListedInSceneOutliner:1 IsMainWorldOnly:0
 |   |   |- Guid:D6C74E814316F6DE3E8C9D91D0D8FC7B BaseClass:/Game/ThirdPerson/Blueprints/BP_FalgText.BP_FalgText_C NativeClass:/Script/Engine.Actor Name:BP_FalgText_C_UAID_D85ED3E0D4586DDC01_1665508666 Label:BP_FalgText SpatiallyLoaded:1 Bounds:IsValid=true, Min=(X=1465.000 Y=2017.165 Z=-0.000), Max=(X=1615.000 Y=2500.000 Z=110.000) RuntimeGrid:None EditorOnly:0 RuntimeOnly:0 HLODRelevant:0 ListedInSceneOutliner:1 IsMainWorldOnly:0
 |   |   |- Guid:EB49E568427AADD397723F855B692C1B BaseClass:/Game/ThirdPerson/Blueprints/BP_Rock.BP_Rock_C NativeClass:/Script/Engine.Actor Name:BP_Rock_C_UAID_D85ED3E0D458BBDC01_1934187410 Label:BP_Rock22 SpatiallyLoaded:1 Bounds:IsValid=true, Min=(X=2390.000 Y=1280.000 Z=10.000), Max=(X=2490.000 Y=1380.000 Z=110.000) RuntimeGrid:None EditorOnly:0 RuntimeOnly:0 HLODRelevant:0 ListedInSceneOutliner:1 IsMainWorldOnly:0
 |   |   |- Guid:EC4E0C944CE6AC6E784BC6BB2916EA13 BaseClass: NativeClass:/Script/Engine.StaticMeshActor Name:StaticMeshActor_UAID_A4AE111137DC5EFB00_1110535423 Label:SM_SkySphere SpatiallyLoaded:0 Bounds:IsValid=true, Min=(X=-1638400.000 Y=-1638400.000 Z=-1638400.000), Max=(X=1638400.000 Y=1638400.000 Z=1638400.000) RuntimeGrid:None EditorOnly:0 RuntimeOnly:0 HLODRelevant:1 ListedInSceneOutliner:1 IsMainWorldOnly:0 FolderPath:Lighting FolderGuid:963EC3EB4002CCE9759E2EBA541A873A
 |   |   |- Guid:F1924B8D48954B30891B2DB6A694F9CC BaseClass: NativeClass:/Script/Engine.StaticMeshActor Name:StaticMeshActor_1 Label:SM_Cube SpatiallyLoaded:1 Bounds:IsValid=true, Min=(X=0.000 Y=0.000 Z=-50.000), Max=(X=3000.000 Y=3500.000 Z=0.000) RuntimeGrid:None EditorOnly:0 RuntimeOnly:0 HLODRelevant:1 ListedInSceneOutliner:1 IsMainWorldOnly:0 FolderPath:Playground FolderGuid:C73F09FC4215536B1DCE2A9E0A830C70
 |   |   |- Guid:F5E3FEB3450C49844FD93DA8E083C8AD BaseClass: NativeClass:/Script/Engine.PostProcessVolume Name:PostProcessVolume_0 Label:PostProcessVolume SpatiallyLoaded:0 Bounds:IsValid=true, Min=(X=0.000 Y=0.000 Z=400.000), Max=(X=200.000 Y=200.000 Z=600.000) RuntimeGrid:None EditorOnly:0 RuntimeOnly:0 HLODRelevant:0 ListedInSceneOutliner:1 IsMainWorldOnly:0 FolderPath:Lighting FolderGuid:963EC3EB4002CCE9759E2EBA541A873A
 |   |   |- Guid:FF698C67459ADB4982D7759C0905EE9F BaseClass: NativeClass:/Script/Engine.StaticMeshActor Name:StaticMeshActor_6 Label:SM_Cube3 SpatiallyLoaded:1 Bounds:IsValid=true, Min=(X=0.000 Y=3400.000 Z=0.000), Max=(X=3000.000 Y=3500.000 Z=400.000) RuntimeGrid:None EditorOnly:0 RuntimeOnly:0 HLODRelevant:1 ListedInSceneOutliner:1 IsMainWorldOnly:0 FolderPath:Playground FolderGuid:C73F09FC4215536B1DCE2A9E0A830C70
 |   |- [+] Clusters:
 |   |   |- [+] [  0]
 |   |   |   |- Guid:076A36F34485913979427CAA14774558 BaseClass:/Game/ThirdPerson/Blueprints/BP_Rock.BP_Rock_C NativeClass:/Script/Engine.Actor Name:BP_Rock_C_UAID_D85ED3E0D458BBDC01_1934183404 Label:BP_Rock16 SpatiallyLoaded:1 Bounds:IsValid=true, Min=(X=1800.000 Y=1280.000 Z=10.000), Max=(X=1900.000 Y=1380.000 Z=110.000) RuntimeGrid:None EditorOnly:0 RuntimeOnly:0 HLODRelevant:0 ListedInSceneOutliner:1 IsMainWorldOnly:0
 |   |   |- [+] [  1]
 |   |   |   |- Guid:07F0BB01400B60A3E6DA229E9F23382A BaseClass:/Game/ThirdPerson/Blueprints/BP_Rock.BP_Rock_C NativeClass:/Script/Engine.Actor Name:BP_Rock_C_UAID_D85ED3E0D458BBDC01_1934179401 Label:BP_Rock13 SpatiallyLoaded:1 Bounds:IsValid=true, Min=(X=2100.000 Y=1280.000 Z=10.000), Max=(X=2200.000 Y=1380.000 Z=110.000) RuntimeGrid:None EditorOnly:0 RuntimeOnly:0 HLODRelevant:0 ListedInSceneOutliner:1 IsMainWorldOnly:0
 |   |   |- [+] [  2]
 |   |   |   |- Guid:2CF51FDC4222934BD39E5185BAE43993 BaseClass:/Game/ThirdPerson/Blueprints/BP_Rock.BP_Rock_C NativeClass:/Script/Engine.Actor Name:BP_Rock_C_UAID_D85ED3E0D458BBDC01_1934180402 Label:BP_Rock14 SpatiallyLoaded:1 Bounds:IsValid=true, Min=(X=2300.000 Y=1280.000 Z=10.000), Max=(X=2400.000 Y=1380.000 Z=110.000) RuntimeGrid:None EditorOnly:0 RuntimeOnly:0 HLODRelevant:0 ListedInSceneOutliner:1 IsMainWorldOnly:0
 |   |   |- [+] [  3]
 |   |   |   |- Guid:2FB58999456391D349DC0F86DAC136ED BaseClass: NativeClass:/Script/Engine.SkyLight Name:SkyLight_1 Label:SkyLight SpatiallyLoaded:0 Bounds:IsValid=true, Min=(X=0.000 Y=0.000 Z=690.000), Max=(X=0.000 Y=0.000 Z=690.000) RuntimeGrid:None EditorOnly:0 RuntimeOnly:0 HLODRelevant:0 ListedInSceneOutliner:1 IsMainWorldOnly:0 FolderPath:Lighting FolderGuid:963EC3EB4002CCE9759E2EBA541A873A
 |   |   |- [+] [  4]
 |   |   |   |- Guid:316CF2A6494ACA4C0E4180A87D36AB8F BaseClass: NativeClass:/Script/Engine.ExponentialHeightFog Name:ExponentialHeightFog_0 Label:ExponentialHeightFog SpatiallyLoaded:0 Bounds:IsValid=true, Min=(X=-5600.000 Y=-50.000 Z=-6850.000), Max=(X=-5600.000 Y=-50.000 Z=-6850.000) RuntimeGrid:None EditorOnly:0 RuntimeOnly:0 HLODRelevant:0 ListedInSceneOutliner:1 IsMainWorldOnly:0 FolderPath:Lighting FolderGuid:963EC3EB4002CCE9759E2EBA541A873A
 |   |   |- [+] [  5]
 |   |   |   |- Guid:35D4BC6546B66E5FF99199B9DAF892AD BaseClass:/Game/ThirdPerson/Blueprints/BP_RockText.BP_RockText_C NativeClass:/Script/Engine.Actor Name:BP_RockText_C_UAID_D85ED3E0D4586DDC01_1678873669 Label:BP_RockText SpatiallyLoaded:1 Bounds:IsValid=true, Min=(X=350.000 Y=499.244 Z=10.000), Max=(X=550.000 Y=1045.000 Z=120.000) RuntimeGrid:None EditorOnly:0 RuntimeOnly:0 HLODRelevant:0 ListedInSceneOutliner:1 IsMainWorldOnly:0
 |   |   |- [+] [  6]
 |   |   |   |- Guid:3A599C9346DE6F4B5BD15BAF8F8115F5 BaseClass:/Game/ThirdPerson/Blueprints/BP_Rock.BP_Rock_C NativeClass:/Script/Engine.Actor Name:BP_Rock_C_UAID_D85ED3E0D458BBDC01_1960642415 Label:BP_Rock27 SpatiallyLoaded:1 Bounds:IsValid=true, Min=(X=210.000 Y=1280.000 Z=10.000), Max=(X=310.000 Y=1380.000 Z=110.000) RuntimeGrid:None EditorOnly:0 RuntimeOnly:0 HLODRelevant:0 ListedInSceneOutliner:1 IsMainWorldOnly:0
 |   |   |- [+] [  7]
 |   |   |   |- Guid:3BD7292648CA4ACCA74933A40B5F4CF6 BaseClass:/Game/ThirdPerson/Blueprints/BP_Rock.BP_Rock_C NativeClass:/Script/Engine.Actor Name:BP_Rock_C_UAID_D85ED3E0D458BBDC01_1934184406 Label:BP_Rock18 SpatiallyLoaded:1 Bounds:IsValid=true, Min=(X=1900.000 Y=1280.000 Z=10.000), Max=(X=2000.000 Y=1380.000 Z=110.000) RuntimeGrid:None EditorOnly:0 RuntimeOnly:0 HLODRelevant:0 ListedInSceneOutliner:1 IsMainWorldOnly:0
 |   |   |- [+] [  8]
 |   |   |   |- Guid:4069432A4B7AF70BFFFA62B7194C1E30 BaseClass:/Game/ThirdPerson/Blueprints/BP_Rock.BP_Rock_C NativeClass:/Script/Engine.Actor Name:BP_Rock_C_UAID_D85ED3E0D458BBDC01_1934185407 Label:BP_Rock19 SpatiallyLoaded:1 Bounds:IsValid=true, Min=(X=1500.000 Y=1280.000 Z=10.000), Max=(X=1600.000 Y=1380.000 Z=110.000) RuntimeGrid:None EditorOnly:0 RuntimeOnly:0 HLODRelevant:0 ListedInSceneOutliner:1 IsMainWorldOnly:0
 |   |   |- [+] [  9]
 |   |   |   |- Guid:43815E84492231AFC407F59E3C28176B BaseClass: NativeClass:/Script/Engine.StaticMeshActor Name:StaticMeshActor_4 Label:SM_Cube6 SpatiallyLoaded:1 Bounds:IsValid=true, Min=(X=2900.000 Y=100.000 Z=0.000), Max=(X=3000.000 Y=3400.000 Z=400.000) RuntimeGrid:None EditorOnly:0 RuntimeOnly:0 HLODRelevant:1 ListedInSceneOutliner:1 IsMainWorldOnly:0 FolderPath:Playground FolderGuid:C73F09FC4215536B1DCE2A9E0A830C70
 |   |   |- [+] [ 10]
 |   |   |   |- Guid:4945CA2347D3F30E31990D82AD8E3C96 BaseClass:/Game/ThirdPerson/Blueprints/BP_Rock.BP_Rock_C NativeClass:/Script/Engine.Actor Name:BP_Rock_C_UAID_D85ED3E0D458BBDC01_1911692397 Label:BP_Rock9 SpatiallyLoaded:1 Bounds:IsValid=true, Min=(X=410.000 Y=1280.000 Z=10.000), Max=(X=510.000 Y=1380.000 Z=110.000) RuntimeGrid:None EditorOnly:0 RuntimeOnly:0 HLODRelevant:0 ListedInSceneOutliner:1 IsMainWorldOnly:0
 |   |   |- [+] [ 11]
 |   |   |   |- Guid:4C44DA7F4EAFFCCBECAD7A963D35D18A BaseClass:/Game/ThirdPerson/Blueprints/BP_Rock.BP_Rock_C NativeClass:/Script/Engine.Actor Name:BP_Rock_C_UAID_D85ED3E0D458BBDC01_1914348400 Label:BP_Rock12 SpatiallyLoaded:1 Bounds:IsValid=true, Min=(X=1300.000 Y=1280.000 Z=10.000), Max=(X=1400.000 Y=1380.000 Z=110.000) RuntimeGrid:None EditorOnly:0 RuntimeOnly:0 HLODRelevant:0 ListedInSceneOutliner:1 IsMainWorldOnly:0
 |   |   |- [+] [ 12]
 |   |   |   |- Guid:4D3BE93F4146AAAC8BBE79999D96D57F BaseClass: NativeClass:/Script/Engine.VolumetricCloud Name:VolumetricCloud_0 Label:VolumetricCloud SpatiallyLoaded:0 Bounds:IsValid=true, Min=(X=0.000 Y=0.000 Z=820.000), Max=(X=0.000 Y=0.000 Z=820.000) RuntimeGrid:None EditorOnly:0 RuntimeOnly:0 HLODRelevant:0 ListedInSceneOutliner:1 IsMainWorldOnly:0 FolderPath:Lighting FolderGuid:963EC3EB4002CCE9759E2EBA541A873A
 |   |   |- [+] [ 13]
 |   |   |   |- Guid:50C9EE454ADF3DB4FA7379A364111C4A BaseClass:/Game/ThirdPerson/Blueprints/BP_Rock.BP_Rock_C NativeClass:/Script/Engine.Actor Name:BP_Rock_C_UAID_D85ED3E0D458BBDC01_1908834394 Label:BP_Rock6 SpatiallyLoaded:1 Bounds:IsValid=true, Min=(X=710.000 Y=1280.000 Z=10.000), Max=(X=810.000 Y=1380.000 Z=110.000) RuntimeGrid:None EditorOnly:0 RuntimeOnly:0 HLODRelevant:0 ListedInSceneOutliner:1 IsMainWorldOnly:0
 |   |   |- [+] [ 14]
 |   |   |   |- Guid:5B97F4A64FB21F77EFC44386BF705B4C BaseClass: NativeClass:/Script/Engine.TextRenderActor Name:TextRenderActor_1 Label:TextRenderActor SpatiallyLoaded:1 Bounds:IsValid=true, Min=(X=-0.100 Y=1100.000 Z=65.013), Max=(X=-0.100 Y=2392.308 Z=215.013) RuntimeGrid:None EditorOnly:0 RuntimeOnly:0 HLODRelevant:0 ListedInSceneOutliner:1 IsMainWorldOnly:0
 |   |   |- [+] [ 15]
 |   |   |   |- Guid:618467B2443301FC681840BA5663B5DC BaseClass:/Game/ThirdPerson/Blueprints/BP_Rock.BP_Rock_C NativeClass:/Script/Engine.Actor Name:BP_Rock_C_UAID_D85ED3E0D4586DDC01_1893953673 Label:BP_Rock2 SpatiallyLoaded:1 Bounds:IsValid=true, Min=(X=1010.000 Y=1280.000 Z=10.000), Max=(X=1110.000 Y=1380.000 Z=110.000) RuntimeGrid:None EditorOnly:0 RuntimeOnly:0 HLODRelevant:0 ListedInSceneOutliner:1 IsMainWorldOnly:0
 |   |   |- [+] [ 16]
 |   |   |   |- Guid:670042C6467217A2BD9B33AE0BCCFFDA BaseClass:/Game/ThirdPerson/Blueprints/BP_Rock.BP_Rock_C NativeClass:/Script/Engine.Actor Name:BP_Rock_C_UAID_D85ED3E0D458BBDC01_1908833393 Label:BP_Rock5 SpatiallyLoaded:1 Bounds:IsValid=true, Min=(X=810.000 Y=1280.000 Z=10.000), Max=(X=910.000 Y=1380.000 Z=110.000) RuntimeGrid:None EditorOnly:0 RuntimeOnly:0 HLODRelevant:0 ListedInSceneOutliner:1 IsMainWorldOnly:0
 |   |   |- [+] [ 17]
 |   |   |   |- Guid:68E91636495919CBD46F45ACFA66729B BaseClass:/Game/ThirdPerson/Blueprints/BP_Rock.BP_Rock_C NativeClass:/Script/Engine.Actor Name:BP_Rock_C_UAID_D85ED3E0D458BBDC01_1950643413 Label:BP_Rock25 SpatiallyLoaded:1 Bounds:IsValid=true, Min=(X=2690.000 Y=1280.000 Z=10.000), Max=(X=2790.000 Y=1380.000 Z=110.000) RuntimeGrid:None EditorOnly:0 RuntimeOnly:0 HLODRelevant:0 ListedInSceneOutliner:1 IsMainWorldOnly:0
 |   |   |- [+] [ 18]
 |   |   |   |- Guid:6B86DAAE43F8910330D7FBB773BF2B60 BaseClass:/Game/ThirdPerson/Blueprints/BP_Rock.BP_Rock_C NativeClass:/Script/Engine.Actor Name:BP_Rock_C_UAID_D85ED3E0D458BBDC01_1934186409 Label:BP_Rock21 SpatiallyLoaded:1 Bounds:IsValid=true, Min=(X=1600.000 Y=1280.000 Z=10.000), Max=(X=1700.000 Y=1380.000 Z=110.000) RuntimeGrid:None EditorOnly:0 RuntimeOnly:0 HLODRelevant:0 ListedInSceneOutliner:1 IsMainWorldOnly:0
 |   |   |- [+] [ 19]
 |   |   |   |- Guid:6BAF4DDD444C60371492D3919DB42C97 BaseClass: NativeClass:/Script/Engine.WorldDataLayers Name:WorldDataLayers Label:WorldDataLayers SpatiallyLoaded:0 Bounds:IsValid=true, Min=(X=0.000 Y=0.000 Z=0.000), Max=(X=0.000 Y=0.000 Z=0.000) RuntimeGrid:None EditorOnly:0 RuntimeOnly:0 HLODRelevant:0 ListedInSceneOutliner:1 IsMainWorldOnly:1
 |   |   |- [+] [ 20]
 |   |   |   |- Guid:72D170D7438062304001CAADE628285D BaseClass:/Game/ThirdPerson/Blueprints/BP_Rock.BP_Rock_C NativeClass:/Script/Engine.Actor Name:BP_Rock_C_UAID_D85ED3E0D458BBDC01_1911692396 Label:BP_Rock8 SpatiallyLoaded:1 Bounds:IsValid=true, Min=(X=510.000 Y=1280.000 Z=10.000), Max=(X=610.000 Y=1380.000 Z=110.000) RuntimeGrid:None EditorOnly:0 RuntimeOnly:0 HLODRelevant:0 ListedInSceneOutliner:1 IsMainWorldOnly:0
 |   |   |- [+] [ 21]
 |   |   |   |- Guid:7C2A7DB54A11C821A4AB9FBA9172F028 BaseClass:/Game/ThirdPerson/Blueprints/BP_Rock.BP_Rock_C NativeClass:/Script/Engine.Actor Name:BP_Rock_C_UAID_D85ED3E0D4586DDC01_1897044674 Label:BP_Rock3 SpatiallyLoaded:1 Bounds:IsValid=true, Min=(X=910.000 Y=1280.000 Z=10.000), Max=(X=1010.000 Y=1380.000 Z=110.000) RuntimeGrid:None EditorOnly:0 RuntimeOnly:0 HLODRelevant:0 ListedInSceneOutliner:1 IsMainWorldOnly:0
 |   |   |- [+] [ 22]
 |   |   |   |- Guid:82B29C154260DE1ABED8BB8DF2F7C481 BaseClass:/Game/ThirdPerson/Blueprints/BP_Rock.BP_Rock_C NativeClass:/Script/Engine.Actor Name:BP_Rock_C_UAID_D85ED3E0D458BBDC01_1934188411 Label:BP_Rock23 SpatiallyLoaded:1 Bounds:IsValid=true, Min=(X=2590.000 Y=1280.000 Z=10.000), Max=(X=2690.000 Y=1380.000 Z=110.000) RuntimeGrid:None EditorOnly:0 RuntimeOnly:0 HLODRelevant:0 ListedInSceneOutliner:1 IsMainWorldOnly:0
 |   |   |- [+] [ 23]
 |   |   |   |- Guid:90B9FE504D6CBAA04C61BCBF45CDA057 BaseClass:/Game/ThirdPerson/Blueprints/BP_Flag.BP_Flag_C NativeClass:/Script/Engine.Actor Name:BP_Flag_C_UAID_D85ED3E0D458BBDC01_1859135391 Label:BP_Flag SpatiallyLoaded:1 Bounds:IsValid=true, Min=(X=2057.542 Y=2588.377 Z=111.418), Max=(X=2202.458 Y=2751.623 Z=288.582) RuntimeGrid:None EditorOnly:0 RuntimeOnly:0 HLODRelevant:0 ListedInSceneOutliner:1 IsMainWorldOnly:0
 |   |   |- [+] [ 24]
 |   |   |   |- Guid:9979D99F4C7B9149D0A1BB94DC8A3E84 BaseClass:/Game/ThirdPerson/Blueprints/BP_Rock.BP_Rock_C NativeClass:/Script/Engine.Actor Name:BP_Rock_C_UAID_D85ED3E0D458BBDC01_1911690395 Label:BP_Rock7 SpatiallyLoaded:1 Bounds:IsValid=true, Min=(X=310.000 Y=1280.000 Z=10.000), Max=(X=410.000 Y=1380.000 Z=110.000) RuntimeGrid:None EditorOnly:0 RuntimeOnly:0 HLODRelevant:0 ListedInSceneOutliner:1 IsMainWorldOnly:0
 |   |   |- [+] [ 25]
 |   |   |   |- Guid:9DC5AE8748F825168E8680A254B7B8AC BaseClass:/Game/ThirdPerson/Blueprints/BP_Rock.BP_Rock_C NativeClass:/Script/Engine.Actor Name:BP_Rock_C_UAID_D85ED3E0D458BBDC01_1908831392 Label:BP_Rock4 SpatiallyLoaded:1 Bounds:IsValid=true, Min=(X=610.000 Y=1280.000 Z=10.000), Max=(X=710.000 Y=1380.000 Z=110.000) RuntimeGrid:None EditorOnly:0 RuntimeOnly:0 HLODRelevant:0 ListedInSceneOutliner:1 IsMainWorldOnly:0
 |   |   |- [+] [ 26]
 |   |   |   |- Guid:A29426894E101ECC89AC8CAC54FEF906 BaseClass:/Game/ThirdPerson/Blueprints/BP_Rock.BP_Rock_C NativeClass:/Script/Engine.Actor Name:BP_Rock_C_UAID_D85ED3E0D458BBDC01_1914345398 Label:BP_Rock10 SpatiallyLoaded:1 Bounds:IsValid=true, Min=(X=1200.000 Y=1280.000 Z=10.000), Max=(X=1300.000 Y=1380.000 Z=110.000) RuntimeGrid:None EditorOnly:0 RuntimeOnly:0 HLODRelevant:0 ListedInSceneOutliner:1 IsMainWorldOnly:0
 |   |   |- [+] [ 27]
 |   |   |   |- Guid:A56216954B2165CF0F35A886B537D536 BaseClass: NativeClass:/Script/Engine.StaticMeshActor Name:StaticMeshActor_0 Label:SM_Cube5 SpatiallyLoaded:1 Bounds:IsValid=true, Min=(X=-0.000 Y=100.000 Z=0.000), Max=(X=100.000 Y=3400.000 Z=400.000) RuntimeGrid:None EditorOnly:0 RuntimeOnly:0 HLODRelevant:1 ListedInSceneOutliner:1 IsMainWorldOnly:0 FolderPath:Playground FolderGuid:C73F09FC4215536B1DCE2A9E0A830C70
 |   |   |- [+] [ 28]
 |   |   |   |- Guid:A6D42D7E477495AC380E0DA338D34DAA BaseClass:/Game/ThirdPerson/Blueprints/BP_Rock.BP_Rock_C NativeClass:/Script/Engine.Actor Name:BP_Rock_C_UAID_D85ED3E0D458BBDC01_1934184405 Label:BP_Rock17 SpatiallyLoaded:1 Bounds:IsValid=true, Min=(X=2000.000 Y=1280.000 Z=10.000), Max=(X=2100.000 Y=1380.000 Z=110.000) RuntimeGrid:None EditorOnly:0 RuntimeOnly:0 HLODRelevant:0 ListedInSceneOutliner:1 IsMainWorldOnly:0
 |   |   |- [+] [ 29]
 |   |   |   |- Guid:AB05F05D47412497AF5A85BF97575B28 BaseClass:/Game/ThirdPerson/Blueprints/BP_Rock.BP_Rock_C NativeClass:/Script/Engine.Actor Name:BP_Rock_C_UAID_D85ED3E0D458BBDC01_1934186408 Label:BP_Rock20 SpatiallyLoaded:1 Bounds:IsValid=true, Min=(X=1700.000 Y=1280.000 Z=10.000), Max=(X=1800.000 Y=1380.000 Z=110.000) RuntimeGrid:None EditorOnly:0 RuntimeOnly:0 HLODRelevant:0 ListedInSceneOutliner:1 IsMainWorldOnly:0
 |   |   |- [+] [ 30]
 |   |   |   |- Guid:B054EF0448EF44FE19C62A9AF5156242 BaseClass:/Game/ThirdPerson/Blueprints/BP_Rock.BP_Rock_C NativeClass:/Script/Engine.Actor Name:BP_Rock_C_UAID_D85ED3E0D458BBDC01_1914347399 Label:BP_Rock11 SpatiallyLoaded:1 Bounds:IsValid=true, Min=(X=1400.000 Y=1280.000 Z=10.000), Max=(X=1500.000 Y=1380.000 Z=110.000) RuntimeGrid:None EditorOnly:0 RuntimeOnly:0 HLODRelevant:0 ListedInSceneOutliner:1 IsMainWorldOnly:0
 |   |   |- [+] [ 31]
 |   |   |   |- Guid:B54F808B490BCC22364F048A2090D43E BaseClass:/Game/ThirdPerson/Blueprints/BP_PushText.BP_PushText_C NativeClass:/Script/Engine.Actor Name:BP_PushText_C_UAID_D85ED3E0D4586DDC01_1675931668 Label:BP_PushText SpatiallyLoaded:1 Bounds:IsValid=true, Min=(X=1745.000 Y=141.064 Z=30.000), Max=(X=1895.000 Y=357.500 Z=140.000) RuntimeGrid:None EditorOnly:0 RuntimeOnly:0 HLODRelevant:0 ListedInSceneOutliner:1 IsMainWorldOnly:0
 |   |   |- [+] [ 32]
 |   |   |   |- Guid:B785ED2844B84CFB91E7F39FE661CD99 BaseClass: NativeClass:/Script/Engine.DirectionalLight Name:DirectionalLight_0 Label:DirectionalLight SpatiallyLoaded:0 Bounds:IsValid=true, Min=(X=-1048576.000 Y=-1048576.000 Z=-1048576.000), Max=(X=1048576.000 Y=1048576.000 Z=1048576.000) RuntimeGrid:None EditorOnly:0 RuntimeOnly:0 HLODRelevant:0 ListedInSceneOutliner:1 IsMainWorldOnly:0 FolderPath:Lighting FolderGuid:963EC3EB4002CCE9759E2EBA541A873A
 |   |   |- [+] [ 33]
 |   |   |   |- Guid:BBC0011E4DF1BC8B278E89933D551DA9 BaseClass:/Game/ThirdPerson/Blueprints/BP_Rock.BP_Rock_C NativeClass:/Script/Engine.Actor Name:BP_Rock_C_UAID_D85ED3E0D458BBDC01_1963810416 Label:BP_Rock28 SpatiallyLoaded:1 Bounds:IsValid=true, Min=(X=110.000 Y=1280.000 Z=10.000), Max=(X=210.000 Y=1380.000 Z=110.000) RuntimeGrid:None EditorOnly:0 RuntimeOnly:0 HLODRelevant:0 ListedInSceneOutliner:1 IsMainWorldOnly:0
 |   |   |- [+] [ 34]
 |   |   |   |- Guid:BC08B79C4EA3C961CFF75EBBE83B367D BaseClass: NativeClass:/Script/Engine.StaticMeshActor Name:StaticMeshActor_5 Label:SM_Cube2 SpatiallyLoaded:1 Bounds:IsValid=true, Min=(X=0.000 Y=0.000 Z=0.000), Max=(X=3000.000 Y=100.000 Z=400.000) RuntimeGrid:None EditorOnly:0 RuntimeOnly:0 HLODRelevant:1 ListedInSceneOutliner:1 IsMainWorldOnly:0 FolderPath:Playground FolderGuid:C73F09FC4215536B1DCE2A9E0A830C70
 |   |   |- [+] [ 35]
 |   |   |   |- Guid:C10F63C849748A8C071CEDAEEF6F685F BaseClass:/Game/ThirdPerson/Blueprints/BP_Rock.BP_Rock_C NativeClass:/Script/Engine.Actor Name:BP_Rock_C_UAID_D85ED3E0D458BBDC01_1954543414 Label:BP_Rock26 SpatiallyLoaded:1 Bounds:IsValid=true, Min=(X=2790.000 Y=1280.000 Z=10.000), Max=(X=2890.000 Y=1380.000 Z=110.000) RuntimeGrid:None EditorOnly:0 RuntimeOnly:0 HLODRelevant:0 ListedInSceneOutliner:1 IsMainWorldOnly:0
 |   |   |- [+] [ 36]
 |   |   |   |- Guid:C319C22544A6801653233DAC0983BDCB BaseClass:/Game/ThirdPerson/Blueprints/BP_Win.BP_Win_C NativeClass:/Script/Engine.Actor Name:BP_Win_C_UAID_D85ED3E0D4586CDC01_2117100489 Label:BP_Win SpatiallyLoaded:1 Bounds:IsValid=true, Min=(X=515.000 Y=1922.500 Z=20.000), Max=(X=665.000 Y=2097.500 Z=130.000) RuntimeGrid:None EditorOnly:0 RuntimeOnly:0 HLODRelevant:0 ListedInSceneOutliner:1 IsMainWorldOnly:0
 |   |   |- [+] [ 37]
 |   |   |   |- Guid:CCFF262C46EEFFDF319E7F9539CE697E BaseClass: NativeClass:/Script/Engine.SkyAtmosphere Name:SkyAtmosphere_0 Label:SkyAtmosphere SpatiallyLoaded:0 Bounds:IsValid=true, Min=(X=0.000 Y=0.000 Z=1020.000), Max=(X=0.000 Y=0.000 Z=1020.000) RuntimeGrid:None EditorOnly:0 RuntimeOnly:0 HLODRelevant:0 ListedInSceneOutliner:1 IsMainWorldOnly:0 FolderPath:Lighting FolderGuid:963EC3EB4002CCE9759E2EBA541A873A
 |   |   |- [+] [ 38]
 |   |   |   |- Guid:CD26644A435B4F0AD6175BA9226B1C4E BaseClass:/Game/ThirdPerson/Blueprints/BP_Rock.BP_Rock_C NativeClass:/Script/Engine.Actor Name:BP_Rock_C_UAID_D85ED3E0D458BBDC01_1934189412 Label:BP_Rock24 SpatiallyLoaded:1 Bounds:IsValid=true, Min=(X=2490.000 Y=1280.000 Z=10.000), Max=(X=2590.000 Y=1380.000 Z=110.000) RuntimeGrid:None EditorOnly:0 RuntimeOnly:0 HLODRelevant:0 ListedInSceneOutliner:1 IsMainWorldOnly:0
 |   |   |- [+] [ 39]
 |   |   |   |- Guid:CDAA7C6C443AD15F8ACBD19A63FE7784 BaseClass:/Game/ThirdPerson/Blueprints/BP_Rock.BP_Rock_C NativeClass:/Script/Engine.Actor Name:BP_Rock_C_UAID_D85ED3E0D458BBDC01_1934182403 Label:BP_Rock15 SpatiallyLoaded:1 Bounds:IsValid=true, Min=(X=2200.000 Y=1280.000 Z=10.000), Max=(X=2300.000 Y=1380.000 Z=110.000) RuntimeGrid:None EditorOnly:0 RuntimeOnly:0 HLODRelevant:0 ListedInSceneOutliner:1 IsMainWorldOnly:0
 |   |   |- [+] [ 40]
 |   |   |   |- Guid:D54E9E4A4209C868B07FF7B34FAAB43B BaseClass:/Game/ThirdPerson/Blueprints/BP_Rock.BP_Rock_C NativeClass:/Script/Engine.Actor Name:BP_Rock_C_UAID_D85ED3E0D4586DDC01_1890642672 Label:BP_Rock SpatiallyLoaded:1 Bounds:IsValid=true, Min=(X=1110.000 Y=1280.000 Z=10.000), Max=(X=1210.000 Y=1380.000 Z=110.000) RuntimeGrid:None EditorOnly:0 RuntimeOnly:0 HLODRelevant:0 ListedInSceneOutliner:1 IsMainWorldOnly:0
 |   |   |- [+] [ 41]
 |   |   |   |- Guid:D6C74E814316F6DE3E8C9D91D0D8FC7B BaseClass:/Game/ThirdPerson/Blueprints/BP_FalgText.BP_FalgText_C NativeClass:/Script/Engine.Actor Name:BP_FalgText_C_UAID_D85ED3E0D4586DDC01_1665508666 Label:BP_FalgText SpatiallyLoaded:1 Bounds:IsValid=true, Min=(X=1465.000 Y=2017.165 Z=-0.000), Max=(X=1615.000 Y=2500.000 Z=110.000) RuntimeGrid:None EditorOnly:0 RuntimeOnly:0 HLODRelevant:0 ListedInSceneOutliner:1 IsMainWorldOnly:0
 |   |   |- [+] [ 42]
 |   |   |   |- Guid:EB49E568427AADD397723F855B692C1B BaseClass:/Game/ThirdPerson/Blueprints/BP_Rock.BP_Rock_C NativeClass:/Script/Engine.Actor Name:BP_Rock_C_UAID_D85ED3E0D458BBDC01_1934187410 Label:BP_Rock22 SpatiallyLoaded:1 Bounds:IsValid=true, Min=(X=2390.000 Y=1280.000 Z=10.000), Max=(X=2490.000 Y=1380.000 Z=110.000) RuntimeGrid:None EditorOnly:0 RuntimeOnly:0 HLODRelevant:0 ListedInSceneOutliner:1 IsMainWorldOnly:0
 |   |   |- [+] [ 43]
 |   |   |   |- Guid:EC4E0C944CE6AC6E784BC6BB2916EA13 BaseClass: NativeClass:/Script/Engine.StaticMeshActor Name:StaticMeshActor_UAID_A4AE111137DC5EFB00_1110535423 Label:SM_SkySphere SpatiallyLoaded:0 Bounds:IsValid=true, Min=(X=-1638400.000 Y=-1638400.000 Z=-1638400.000), Max=(X=1638400.000 Y=1638400.000 Z=1638400.000) RuntimeGrid:None EditorOnly:0 RuntimeOnly:0 HLODRelevant:1 ListedInSceneOutliner:1 IsMainWorldOnly:0 FolderPath:Lighting FolderGuid:963EC3EB4002CCE9759E2EBA541A873A
 |   |   |- [+] [ 44]
 |   |   |   |- Guid:F1924B8D48954B30891B2DB6A694F9CC BaseClass: NativeClass:/Script/Engine.StaticMeshActor Name:StaticMeshActor_1 Label:SM_Cube SpatiallyLoaded:1 Bounds:IsValid=true, Min=(X=0.000 Y=0.000 Z=-50.000), Max=(X=3000.000 Y=3500.000 Z=0.000) RuntimeGrid:None EditorOnly:0 RuntimeOnly:0 HLODRelevant:1 ListedInSceneOutliner:1 IsMainWorldOnly:0 FolderPath:Playground FolderGuid:C73F09FC4215536B1DCE2A9E0A830C70
 |   |   |- [+] [ 45]
 |   |   |   |- Guid:F5E3FEB3450C49844FD93DA8E083C8AD BaseClass: NativeClass:/Script/Engine.PostProcessVolume Name:PostProcessVolume_0 Label:PostProcessVolume SpatiallyLoaded:0 Bounds:IsValid=true, Min=(X=0.000 Y=0.000 Z=400.000), Max=(X=200.000 Y=200.000 Z=600.000) RuntimeGrid:None EditorOnly:0 RuntimeOnly:0 HLODRelevant:0 ListedInSceneOutliner:1 IsMainWorldOnly:0 FolderPath:Lighting FolderGuid:963EC3EB4002CCE9759E2EBA541A873A
 |   |   |- [+] [ 46]
 |   |   |   |- Guid:FF698C67459ADB4982D7759C0905EE9F BaseClass: NativeClass:/Script/Engine.StaticMeshActor Name:StaticMeshActor_6 Label:SM_Cube3 SpatiallyLoaded:1 Bounds:IsValid=true, Min=(X=0.000 Y=3400.000 Z=0.000), Max=(X=3000.000 Y=3500.000 Z=400.000) RuntimeGrid:None EditorOnly:0 RuntimeOnly:0 HLODRelevant:1 ListedInSceneOutliner:1 IsMainWorldOnly:0 FolderPath:Playground FolderGuid:C73F09FC4215536B1DCE2A9E0A830C70
 |- ContainerInstances:
 |- [+] MainContainer:
 |   |-        ID: 00000000000000000000000000000000
 |   |-  ParentID: 00000000000000000000000000000000
 |   |-    Bounds: IsValid=false, Min=(X=0.000 Y=0.000 Z=0.000), Max=(X=0.000 Y=0.000 Z=0.000)
 |   |- Transform: 0.000000,0.000000,0.000000|0.000000,0.000000,-0.000000|1.000000,1.000000,1.000000
 |   |- Container: /Game/ThirdPerson/Maps/ThirdPersonMap
----------------------------------------------------------------------------------------------------------------
ThirdPersonMap - Persistent Level
----------------------------------------------------------------------------------------------------------------
[+] Content of ThirdPersonMap Persistent Level
 |- Always loaded Actor Count: 54 
 |- Actor Path: /Game/ThirdPerson/Maps/ThirdPersonMap.ThirdPersonMap:PersistentLevel.AbstractNavData-Default
 |- Actor Package: /Game/ThirdPerson/Maps/ThirdPersonMap
 |- Actor Path: /Game/ThirdPerson/Maps/ThirdPersonMap.ThirdPersonMap:PersistentLevel.BP_FalgText_C_UAID_D85ED3E0D4586DDC01_1665508666
 |- Actor Package: /Game/__ExternalActors__/ThirdPerson/Maps/ThirdPersonMap/3/SD/SYE217K0AKBI0PKG58HG0G
 |- Actor Path: /Game/ThirdPerson/Maps/ThirdPersonMap.ThirdPersonMap:PersistentLevel.BP_Flag_C_UAID_D85ED3E0D458BBDC01_1859135391
 |- Actor Package: /Game/__ExternalActors__/ThirdPerson/Maps/ThirdPersonMap/1/99/MAE0BNNR8EAXPMCURDZU9N
 |- Actor Path: /Game/ThirdPerson/Maps/ThirdPersonMap.ThirdPersonMap:PersistentLevel.BP_PushText_C_UAID_D85ED3E0D4586DDC01_1675931668
 |- Actor Package: /Game/__ExternalActors__/ThirdPerson/Maps/ThirdPersonMap/0/TW/K001D7BXKKSAGFZIZ1TO14
 |- Actor Path: /Game/ThirdPerson/Maps/ThirdPersonMap.ThirdPersonMap:PersistentLevel.BP_Rock_C_UAID_D85ED3E0D4586DDC01_1890642672
 |- Actor Package: /Game/__ExternalActors__/ThirdPerson/Maps/ThirdPersonMap/C/0G/BIZABOAO0SAKUW1YWLPOZL
 |- Actor Path: /Game/ThirdPerson/Maps/ThirdPersonMap.ThirdPersonMap:PersistentLevel.BP_Rock_C_UAID_D85ED3E0D4586DDC01_1893953673
 |- Actor Package: /Game/__ExternalActors__/ThirdPerson/Maps/ThirdPersonMap/E/K9/KZADXJAPHM4TA7XHE72DXN
 |- Actor Path: /Game/ThirdPerson/Maps/ThirdPersonMap.ThirdPersonMap:PersistentLevel.BP_Rock_C_UAID_D85ED3E0D4586DDC01_1897044674
 |- Actor Package: /Game/__ExternalActors__/ThirdPerson/Maps/ThirdPersonMap/B/57/B7KBN4OJY1GE7NWKOUMO99
 |- Actor Path: /Game/ThirdPerson/Maps/ThirdPersonMap.ThirdPersonMap:PersistentLevel.BP_Rock_C_UAID_D85ED3E0D458BBDC01_1908831392
 |- Actor Package: /Game/__ExternalActors__/ThirdPerson/Maps/ThirdPersonMap/8/8U/UQ33Q04V2H5YXS401J9X2P
 |- Actor Path: /Game/ThirdPerson/Maps/ThirdPersonMap.ThirdPersonMap:PersistentLevel.BP_Rock_C_UAID_D85ED3E0D458BBDC01_1908833393
 |- Actor Package: /Game/__ExternalActors__/ThirdPerson/Maps/ThirdPersonMap/4/NO/DHSMGBSPE2XRFVL6CIED5Y
 |- Actor Path: /Game/ThirdPerson/Maps/ThirdPersonMap.ThirdPersonMap:PersistentLevel.BP_Rock_C_UAID_D85ED3E0D458BBDC01_1908834394
 |- Actor Package: /Game/__ExternalActors__/ThirdPerson/Maps/ThirdPersonMap/4/JA/2VOH0C9UI5BGR5LR3IE2VH
 |- Actor Path: /Game/ThirdPerson/Maps/ThirdPersonMap.ThirdPersonMap:PersistentLevel.BP_Rock_C_UAID_D85ED3E0D458BBDC01_1911690395
 |- Actor Package: /Game/__ExternalActors__/ThirdPerson/Maps/ThirdPersonMap/E/RD/P78VUXB3Z6O6NW1JURD61A
 |- Actor Path: /Game/ThirdPerson/Maps/ThirdPersonMap.ThirdPersonMap:PersistentLevel.BP_Rock_C_UAID_D85ED3E0D458BBDC01_1911692396
 |- Actor Package: /Game/__ExternalActors__/ThirdPerson/Maps/ThirdPersonMap/5/NK/HV1J59LNK87N8XIWQTEGHG
 |- Actor Path: /Game/ThirdPerson/Maps/ThirdPersonMap.ThirdPersonMap:PersistentLevel.BP_Rock_C_UAID_D85ED3E0D458BBDC01_1911692397
 |- Actor Package: /Game/__ExternalActors__/ThirdPerson/Maps/ThirdPersonMap/D/DQ/8GIZX4JSB7CH7K0IFOSJ64
 |- Actor Path: /Game/ThirdPerson/Maps/ThirdPersonMap.ThirdPersonMap:PersistentLevel.BP_Rock_C_UAID_D85ED3E0D458BBDC01_1914345398
 |- Actor Package: /Game/__ExternalActors__/ThirdPerson/Maps/ThirdPersonMap/5/YC/ADPM2Z4EF6VPOX5W2M19TB
 |- Actor Path: /Game/ThirdPerson/Maps/ThirdPersonMap.ThirdPersonMap:PersistentLevel.BP_Rock_C_UAID_D85ED3E0D458BBDC01_1914347399
 |- Actor Package: /Game/__ExternalActors__/ThirdPerson/Maps/ThirdPersonMap/0/T9/BTOM94Z0DBCIMPAFA5V8V8
 |- Actor Path: /Game/ThirdPerson/Maps/ThirdPersonMap.ThirdPersonMap:PersistentLevel.BP_Rock_C_UAID_D85ED3E0D458BBDC01_1914348400
 |- Actor Package: /Game/__ExternalActors__/ThirdPerson/Maps/ThirdPersonMap/3/S1/QNUHUHAB0HXLOJY6NHEKBT
 |- Actor Path: /Game/ThirdPerson/Maps/ThirdPersonMap.ThirdPersonMap:PersistentLevel.BP_Rock_C_UAID_D85ED3E0D458BBDC01_1934179401
 |- Actor Package: /Game/__ExternalActors__/ThirdPerson/Maps/ThirdPersonMap/4/VD/PS8GMD51SMT7YRMQG42J7L
 |- Actor Path: /Game/ThirdPerson/Maps/ThirdPersonMap.ThirdPersonMap:PersistentLevel.BP_Rock_C_UAID_D85ED3E0D458BBDC01_1934180402
 |- Actor Package: /Game/__ExternalActors__/ThirdPerson/Maps/ThirdPersonMap/0/P8/V5GEIBI4IFR76XE38W26GV
 |- Actor Path: /Game/ThirdPerson/Maps/ThirdPersonMap.ThirdPersonMap:PersistentLevel.BP_Rock_C_UAID_D85ED3E0D458BBDC01_1934182403
 |- Actor Package: /Game/__ExternalActors__/ThirdPerson/Maps/ThirdPersonMap/6/2O/C83BKNTBJZ2B1TMANP0WAH
 |- Actor Path: /Game/ThirdPerson/Maps/ThirdPersonMap.ThirdPersonMap:PersistentLevel.BP_Rock_C_UAID_D85ED3E0D458BBDC01_1934183404
 |- Actor Package: /Game/__ExternalActors__/ThirdPerson/Maps/ThirdPersonMap/D/HV/IUK39RTFB3Y4HBEB6VNXQV
 |- Actor Path: /Game/ThirdPerson/Maps/ThirdPersonMap.ThirdPersonMap:PersistentLevel.BP_Rock_C_UAID_D85ED3E0D458BBDC01_1934184405
 |- Actor Package: /Game/__ExternalActors__/ThirdPerson/Maps/ThirdPersonMap/A/TK/6PH4G0GFR5YJ7BXJ3FOJ9N
 |- Actor Path: /Game/ThirdPerson/Maps/ThirdPersonMap.ThirdPersonMap:PersistentLevel.BP_Rock_C_UAID_D85ED3E0D458BBDC01_1934184406
 |- Actor Package: /Game/__ExternalActors__/ThirdPerson/Maps/ThirdPersonMap/1/IU/PUOGQ6W2SKIK19CLM759IV
 |- Actor Path: /Game/ThirdPerson/Maps/ThirdPersonMap.ThirdPersonMap:PersistentLevel.BP_Rock_C_UAID_D85ED3E0D458BBDC01_1934185407
 |- Actor Package: /Game/__ExternalActors__/ThirdPerson/Maps/ThirdPersonMap/D/MD/NIZE4X004D9Y143ZU42Y2R
 |- Actor Path: /Game/ThirdPerson/Maps/ThirdPersonMap.ThirdPersonMap:PersistentLevel.BP_Rock_C_UAID_D85ED3E0D458BBDC01_1934186408
 |- Actor Package: /Game/__ExternalActors__/ThirdPerson/Maps/ThirdPersonMap/C/9O/PAPJ5K38QP39NDSVV82XU2
 |- Actor Path: /Game/ThirdPerson/Maps/ThirdPersonMap.ThirdPersonMap:PersistentLevel.BP_Rock_C_UAID_D85ED3E0D458BBDC01_1934186409
 |- Actor Package: /Game/__ExternalActors__/ThirdPerson/Maps/ThirdPersonMap/9/F1/CUL97JQLM5RTCW02LC9BJK
 |- Actor Path: /Game/ThirdPerson/Maps/ThirdPersonMap.ThirdPersonMap:PersistentLevel.BP_Rock_C_UAID_D85ED3E0D458BBDC01_1934187410
 |- Actor Package: /Game/__ExternalActors__/ThirdPerson/Maps/ThirdPersonMap/D/Y6/R7KO5XT6UCDWJXTAJDCSTJ
 |- Actor Path: /Game/ThirdPerson/Maps/ThirdPersonMap.ThirdPersonMap:PersistentLevel.BP_Rock_C_UAID_D85ED3E0D458BBDC01_1934188411
 |- Actor Package: /Game/__ExternalActors__/ThirdPerson/Maps/ThirdPersonMap/3/2C/GXBYDDULXIUIFS9RITE48Y
 |- Actor Path: /Game/ThirdPerson/Maps/ThirdPersonMap.ThirdPersonMap:PersistentLevel.BP_Rock_C_UAID_D85ED3E0D458BBDC01_1934189412
 |- Actor Package: /Game/__ExternalActors__/ThirdPerson/Maps/ThirdPersonMap/A/3H/2WF0PJUW2R4JIBHK18ZQHL
 |- Actor Path: /Game/ThirdPerson/Maps/ThirdPersonMap.ThirdPersonMap:PersistentLevel.BP_Rock_C_UAID_D85ED3E0D458BBDC01_1950643413
 |- Actor Package: /Game/__ExternalActors__/ThirdPerson/Maps/ThirdPersonMap/E/NZ/UZ2547Y4O3O87R8ZO5J59C
 |- Actor Path: /Game/ThirdPerson/Maps/ThirdPersonMap.ThirdPersonMap:PersistentLevel.BP_Rock_C_UAID_D85ED3E0D458BBDC01_1954543414
 |- Actor Package: /Game/__ExternalActors__/ThirdPerson/Maps/ThirdPersonMap/6/72/BCP0WDCXJKOKGNM91T9HHK
 |- Actor Path: /Game/ThirdPerson/Maps/ThirdPersonMap.ThirdPersonMap:PersistentLevel.BP_Rock_C_UAID_D85ED3E0D458BBDC01_1960642415
 |- Actor Package: /Game/__ExternalActors__/ThirdPerson/Maps/ThirdPersonMap/5/Y1/WERY8KC2DB616Y1527GAY9
 |- Actor Path: /Game/ThirdPerson/Maps/ThirdPersonMap.ThirdPersonMap:PersistentLevel.BP_Rock_C_UAID_D85ED3E0D458BBDC01_1963810416
 |- Actor Package: /Game/__ExternalActors__/ThirdPerson/Maps/ThirdPersonMap/A/JL/D19MTUDQ29T1FB5PBT326E
 |- Actor Path: /Game/ThirdPerson/Maps/ThirdPersonMap.ThirdPersonMap:PersistentLevel.BP_RockText_C_UAID_D85ED3E0D4586DDC01_1678873669
 |- Actor Package: /Game/__ExternalActors__/ThirdPerson/Maps/ThirdPersonMap/4/IZ/5ZQWYUGKW6BPS08FPEO158
 |- Actor Path: /Game/ThirdPerson/Maps/ThirdPersonMap.ThirdPersonMap:PersistentLevel.BP_Win_C_UAID_D85ED3E0D4586CDC01_2117100489
 |- Actor Package: /Game/__ExternalActors__/ThirdPerson/Maps/ThirdPersonMap/A/OL/X1BM27F54ECA7T82MARFBP
 |- Actor Path: /Game/ThirdPerson/Maps/ThirdPersonMap.ThirdPersonMap:PersistentLevel.Brush_0
 |- Actor Package: /Game/ThirdPerson/Maps/ThirdPersonMap
 |- Actor Path: /Game/ThirdPerson/Maps/ThirdPersonMap.ThirdPersonMap:PersistentLevel.DefaultPhysicsVolume_0
 |- Actor Package: /Game/ThirdPerson/Maps/ThirdPersonMap
 |- Actor Path: /Game/ThirdPerson/Maps/ThirdPersonMap.ThirdPersonMap:PersistentLevel.DirectionalLight_0
 |- Actor Package: /Game/__ExternalActors__/ThirdPerson/Maps/ThirdPersonMap/5/R1/TS5OQ5CRUWFZYL1ZQ7I416
 |- Actor Path: /Game/ThirdPerson/Maps/ThirdPersonMap.ThirdPersonMap:PersistentLevel.ExponentialHeightFog_0
 |- Actor Package: /Game/__ExternalActors__/ThirdPerson/Maps/ThirdPersonMap/6/J7/N10XDC9G27EMLS5AGZ6AVV
 |- Actor Path: /Game/ThirdPerson/Maps/ThirdPersonMap.ThirdPersonMap:PersistentLevel.GameplayDebuggerPlayerManager_0
 |- Actor Package: /Game/ThirdPerson/Maps/ThirdPersonMap
 |- Actor Path: /Game/ThirdPerson/Maps/ThirdPersonMap.ThirdPersonMap:PersistentLevel.PostProcessVolume_0
 |- Actor Package: /Game/__ExternalActors__/ThirdPerson/Maps/ThirdPersonMap/1/AZ/A7GPT109Y6ZTTJD4A7TXER
 |- Actor Path: /Game/ThirdPerson/Maps/ThirdPersonMap.ThirdPersonMap:PersistentLevel.SkyAtmosphere_0
 |- Actor Package: /Game/__ExternalActors__/ThirdPerson/Maps/ThirdPersonMap/4/LN/30UBDLYFFA5ZR7U4W4L4GG
 |- Actor Path: /Game/ThirdPerson/Maps/ThirdPersonMap.ThirdPersonMap:PersistentLevel.SkyLight_1
 |- Actor Package: /Game/__ExternalActors__/ThirdPerson/Maps/ThirdPersonMap/8/S1/DXUWD12MD3HRWVVXX076BY
 |- Actor Path: /Game/ThirdPerson/Maps/ThirdPersonMap.ThirdPersonMap:PersistentLevel.StaticMeshActor_0
 |- Actor Package: /Game/__ExternalActors__/ThirdPerson/Maps/ThirdPersonMap/A/MS/MRHJREJ6H7USQYWF1KO8F6
 |- Actor Path: /Game/ThirdPerson/Maps/ThirdPersonMap.ThirdPersonMap:PersistentLevel.StaticMeshActor_1
 |- Actor Package: /Game/__ExternalActors__/ThirdPerson/Maps/ThirdPersonMap/6/YO/NG2R9BPZVA7ZDN0Z4VSTG6
 |- Actor Path: /Game/ThirdPerson/Maps/ThirdPersonMap.ThirdPersonMap:PersistentLevel.StaticMeshActor_4
 |- Actor Package: /Game/__ExternalActors__/ThirdPerson/Maps/ThirdPersonMap/5/9Q/U98KGKQ41NJYFOGFQM8ZDY
 |- Actor Path: /Game/ThirdPerson/Maps/ThirdPersonMap.ThirdPersonMap:PersistentLevel.StaticMeshActor_5
 |- Actor Package: /Game/__ExternalActors__/ThirdPerson/Maps/ThirdPersonMap/C/QF/BY1DA5CRGQSAMOTK8RA8KR
 |- Actor Path: /Game/ThirdPerson/Maps/ThirdPersonMap.ThirdPersonMap:PersistentLevel.StaticMeshActor_6
 |- Actor Package: /Game/__ExternalActors__/ThirdPerson/Maps/ThirdPersonMap/D/0G/JNKFA4X9LRMSF343ESPF6Q
 |- Actor Path: /Game/ThirdPerson/Maps/ThirdPersonMap.ThirdPersonMap:PersistentLevel.StaticMeshActor_UAID_A4AE111137DC5EFB00_1110535423
 |- Actor Package: /Game/__ExternalActors__/ThirdPerson/Maps/ThirdPersonMap/4/PN/2QISIGK5DJNQ05US8O8FXW
 |- Actor Path: /Game/ThirdPerson/Maps/ThirdPersonMap.ThirdPersonMap:PersistentLevel.TextRenderActor_1
 |- Actor Package: /Game/__ExternalActors__/ThirdPerson/Maps/ThirdPersonMap/1/WU/NB37RT5Q32Z8MJWD8BD2SO
 |- Actor Path: /Game/ThirdPerson/Maps/ThirdPersonMap.ThirdPersonMap:PersistentLevel.ThirdPersonExampleMap_C_0
 |- Actor Package: /Game/ThirdPerson/Maps/ThirdPersonMap
 |- Actor Path: /Game/ThirdPerson/Maps/ThirdPersonMap.ThirdPersonMap:PersistentLevel.VolumetricCloud_0
 |- Actor Package: /Game/__ExternalActors__/ThirdPerson/Maps/ThirdPersonMap/3/EY/87SHEJN5UBEAN2K5OV1G6R
 |- Actor Path: /Game/ThirdPerson/Maps/ThirdPersonMap.ThirdPersonMap:PersistentLevel.WorldDataLayers
 |- Actor Package: /Game/__ExternalActors__/ThirdPerson/Maps/ThirdPersonMap/0/43/HYQWORMY4JDQ5X3OKZXFLC
 |- Actor Path: /Game/ThirdPerson/Maps/ThirdPersonMap.ThirdPersonMap:PersistentLevel.WorldInfo_0
 |- Actor Package: /Game/ThirdPerson/Maps/ThirdPersonMap
 |- Actor Path: /Game/ThirdPerson/Maps/ThirdPersonMap.ThirdPersonMap:PersistentLevel.WorldPartitionMiniMap_0
 |- Actor Package: /Game/__ExternalActors__/ThirdPerson/Maps/ThirdPersonMap/E/FR/LBG6LPN5JCL3FMVSI2CK6R

----------------------------------------------------------------------------------------------------------------
ThirdPersonMap - Runtime Spatial Hash - Streaming Grid - MainGrid
----------------------------------------------------------------------------------------------------------------
            Origin: X=0.000 Y=0.000 Z=0.000
         Cell Size: 12800
      World Bounds: IsValid=false, Min=(X=0.000 Y=0.000 Z=0.000), Max=(X=0.000 Y=0.000 Z=0.000)
     Loading Range: 25600.00
Block Slow Loading: No
 ClientOnlyVisible: No
            Origin: X=0.000 Y=0.000 Z=0.000

[+] Grid Levels: 1
 |- Level  0: Cell Count    0 | Cell Size   12800 | Actor Count    0 (0.0%)

[+] Content of Grid Level 0

